* Starting client
* Connecting to master process on port 18733
* Analyzing classpath: 
  - /home/czh/CS304/Lab/Lab5/coverageLab/coverageLab/target/classes
  - /home/czh/.m2/repository/junit/junit/4.13.1/junit-4.13.1.jar
  - /home/czh/.m2/repository/org/hamcrest/hamcrest-core/1.3/hamcrest-core-1.3.jar
* Finished analyzing classpath
* Generating tests for class cs304.coveragelab.MessageBuilder
* Test criteria:
  - Line Coverage
  - Branch Coverage
  - Exception
  - Mutation testing (weak)
  - Method-Output Coverage
  - Top-Level Method Coverage
  - No-Exception Top-Level Method Coverage
  - Context Branch Coverage
* Setting up search algorithm for whole suite generation
[MASTER] 20:17:51.994 [pool-2-thread-1] WARN  TestSuiteSerialization - Cannot load tests because file does not exist: /home/czh/CS304/Lab/Lab5/coverageLab/coverageLab/.evosuite/evosuite-seeds/cs304.coveragelab.MessageBuilder.seed
* Loaded 0 tests from /home/czh/CS304/Lab/Lab5/coverageLab/coverageLab/.evosuite/evosuite-seeds/cs304.coveragelab.MessageBuilder.seed
* Total number of test goals: 
  - Line 12
  - Branch 11
  - Exception 0
  - MutationFactory 23
  - Output 3
  - Method 2
  - MethodNoException 2
  - CBranchFitnessFactory 11
* Using seed 1653653870519
* Starting evolution
* Search finished after 31s and 621 generations, 123942 statements, best individual has fitness: 18.666666660304386
* Writing sequences to pool
* Minimizing test suite
* Going to analyze the coverage criteria
* Coverage analysis for criterion LINE
* Coverage of criterion LINE: 83%
* Total number of goals: 12
* Number of covered goals: 10
* Coverage analysis for criterion BRANCH
* Coverage of criterion BRANCH: 82%
* Total number of goals: 11
* Number of covered goals: 9
* Coverage analysis for criterion EXCEPTION
* Coverage of criterion EXCEPTION: 100%
* Total number of goals: 1
* Number of covered goals: 1
* Coverage analysis for criterion WEAKMUTATION
* Coverage of criterion WEAKMUTATION: 70%
* Total number of goals: 23
* Number of covered goals: 16
* Coverage analysis for criterion OUTPUT
* Coverage of criterion OUTPUT: 33%
* Total number of goals: 3
* Number of covered goals: 1
* Coverage analysis for criterion METHOD
* Coverage of criterion METHOD: 100%
* Total number of goals: 2
* Number of covered goals: 2
* Coverage analysis for criterion METHODNOEXCEPTION
* Coverage of criterion METHODNOEXCEPTION: 100%
* Total number of goals: 2
* Number of covered goals: 2
* Coverage analysis for criterion CBRANCH
* Coverage of criterion CBRANCH: 82%
* Total number of goals: 11
* Number of covered goals: 9
* Generated 5 tests with total length 10
* Resulting test suite's coverage: 81% (average coverage for all fitness functions)
* Generating assertions
* Resulting test suite's mutation score: 65%
* Compiling and checking tests
* Writing JUnit test case 'MessageBuilder_ESTest' to /home/czh/CS304/Lab/Lab5/coverageLab/coverageLab/.evosuite/tmp_2022_05_27_20_17_49/tests
* Done!

